<?xml version="1.0" encoding="UTF-8"?>
<!-- Generated by org.testng.reporters.JUnitReportReporter -->
<testsuite hostname="PushpaManjunath" failures="0" tests="1" name="practicebytrainer.WorkingWithAssert" time="0.010" errors="0" timestamp="2025-07-29T13:20:46 CEST" skipped="0">
  <testcase classname="practicebytrainer.WorkingWithAssert" name="HardAssert" time="0.010"/>
</testsuite> <!-- practicebytrainer.WorkingWithAssert -->
