<?xml version="1.0" encoding="UTF-8"?>
<!-- Generated by org.testng.reporters.JUnitReportReporter -->
<testsuite hostname="PushpaManjunath" failures="0" tests="1" name="practicebytrainer.Assert" time="0.013" errors="0" timestamp="2025-07-29T13:17:22 CEST" skipped="0">
  <testcase classname="practicebytrainer.Assert" name="HardAssert" time="0.013"/>
</testsuite> <!-- practicebytrainer.Assert -->
